<?xml version="1.0" encoding="UTF-8"?>
<testng-results ignored="0" total="1" passed="1" failed="0" skipped="0">
  <reporter-output>
  </reporter-output>
  <suite started-at="2023-08-07T10:47:59 IST" name="Default suite" finished-at="2023-08-07T10:47:59 IST" duration-ms="111">
    <groups>
    </groups>
    <test started-at="2023-08-07T10:47:59 IST" name="Default test" finished-at="2023-08-07T10:47:59 IST" duration-ms="111">
      <class name="Emails.Screenshot">
        <test-method signature="Setup()[pri:0, instance:Emails.Screenshot@7b36aa0c]" started-at="2023-08-07T10:47:59 IST" name="Setup" finished-at="2023-08-07T10:47:59 IST" duration-ms="22" status="PASS">
          <reporter-output>
          </reporter-output>
        </test-method> <!-- Setup -->
      </class> <!-- Emails.Screenshot -->
    </test> <!-- Default test -->
  </suite> <!-- Default suite -->
</testng-results>
